生成启动时间为 2023/7/6 14:00:31。
     1>项目“E:\C\Project_test\main\main\main.vcxproj”在节点 2 上(build 个目标)。
     1>InitializeBuildStatus:
         正在对“Debug\main.unsuccessfulbuild”执行 Touch 任务。
       ClCompile:
         所有输出均为最新。
         C:\Program Files (x86)\Microsoft Visual Studio 10.0\VC\bin\CL.exe /c /ZI /nologo /W3 /WX- /Od /Oy- /D WIN32 /D _DEBUG /D _CONSOLE /D _UNICODE /D UNICODE /Gm /EHsc /RTC1 /MDd /GS /fp:precise /Zc:wchar_t /Zc:forScope /Yu"StdAfx.h" /Fp"Debug\main.pch" /Fo"Debug\\" /Fd"Debug\vc100.pdb" /Gd /TP /analyze- /errorReport:prompt 1.cpp 2.cpp 3.cpp 4.cpp 5.cpp
         5.cpp
     1>e:\c\project_test\main\main\5.cpp(1): fatal error C1010: 在查找预编译头时遇到意外的文件结尾。是否忘记了向源中添加“#include "StdAfx.h"”?
         4.cpp
     1>e:\c\project_test\main\main\4.cpp(1): fatal error C1010: 在查找预编译头时遇到意外的文件结尾。是否忘记了向源中添加“#include "StdAfx.h"”?
         3.cpp
     1>e:\c\project_test\main\main\3.cpp(5): warning C4005: “OVERFLOW”: 宏重定义
                 c:\program files (x86)\microsoft visual studio 10.0\vc\include\math.h(450) : 参见“OVERFLOW”的前一个定义
     1>e:\c\project_test\main\main\3.cpp(48): warning C4091: “”: 没有声明变量时忽略“void”的左侧
     1>e:\c\project_test\main\main\3.cpp(40): warning C4101: “flag_c”: 未引用的局部变量
         2.cpp
     1>e:\c\project_test\main\main\2.cpp(1): fatal error C1010: 在查找预编译头时遇到意外的文件结尾。是否忘记了向源中添加“#include "StdAfx.h"”?
         1.cpp
     1>e:\c\project_test\main\main\1.cpp(1): fatal error C1010: 在查找预编译头时遇到意外的文件结尾。是否忘记了向源中添加“#include "StdAfx.h"”?
         正在生成代码...
     1>已完成生成项目“E:\C\Project_test\main\main\main.vcxproj”(build 个目标)的操作 - 失败。

生成失败。

已用时间 00:00:00.18
